!CATEGORY
!CMDLINE
!COLOUR
!HELP
!HISTORY
!KEYWORDS
!LDCAD
!LDRAW_ORG
!LEOCAD
!LICENSE
!LPUB
!MLCAD
!SYNTH
!THEME
~MOVED TO
ABS
ACTION
ADD
ADJUST_ON_ITEM_OFFSET
ALLOC
ANGLE
ANGLE_KEY
ANNOTATE
ANNOTATION
APPLY
APP_PLUG
APP_PLUG_IMAGE
AREA
ARROW
ASPECT
ASSEM
AT_MODEL
AT_STEP
AT_TOP
ATTRIBUTE_PIXMAP
ATTRIBUTE_TEXT
AUTHOR
Author:
AUTOMATE_EDGE_COLOR
AXLE
BACK
BACKGROUND
BACKGROUND COLOR
BACKGROUND GRADIENT
BACKGROUND IMAGE
BASE_BOTTOM
BASE_LEFT
BASE_RIGHT
BASE_TOP
BEAM
BEGIN
BFC
BOM
BORDER
BOTTOM
BOTTOM_LEFT
BOTTOM_RIGHT
BRICKLINK
BRING_TO_FRONT
BTG
BUFEXCHG
BUILD_MOD
BUILD_MOD_ENABLED
CABLE
CALLOUT
CALLOUT_BACKGROUND
CALLOUT_INSTANCE
CALLOUT_POINTER
CALLOUT_UNDERPINNING
CAMERA
CAMERA_ANGLES
CAMERA_DISTANCE
CAMERA_DISTANCE_NATIVE
CAMERA_FOV
CAMERA_NAME
CAMERA_ORTHOGRAPHIC
CAMERA_POSITION
CAMERA_TARGET
CAMERA_UPVECTOR
CAMERA_ZFAR
CAMERA_ZNEAR
CENTER
CIRCLE_STYLE
CLEAR
COLOR
COLOR_RGB
COLOR_RGB_KEY
COLOUR
COLS
COMMENT
CONFIG
CONNECTOR
CONSOLIDATE_INSTANCE_COUNT
CONSTRAIN
CONTENT
CONTINUOUS_STEP_NUMBERS
CONTRAST
CONTROL_POINT
COUNT_GROUP_STEPS
COVER_PAGE
CROSS
CSI_ANNOTATION
CSI_ANNOTATION_PART
CUSTOM
CUSTOM_LENGTH
CUTOFF_DISTANCE
CUTOFF_DISTANCE_KEY
DESCRIPTION
DISPLAY
DISPLAY_MODEL
DISPLAY_PAGE_NUMBER
DISTANCE
DIVIDER
DIVIDER_ITEM
DIVIDER_LINE
DIVIDER_POINTER
DIVIDER_POINTER_ATTRIBUTE
DOCUMENT_AUTHOR
DOCUMENT_AUTHOR_BACK
DOCUMENT_AUTHOR_FRONT
DOCUMENT_COVER_IMAGE
DOCUMENT_LOGO_BACK
DOCUMENT_LOGO_FRONT
DOCUMENT_TITLE_BACK
DOCUMENT_TITLE_FRONT
DPCM
DPI
ELEMENT
ELEMENT_STYLE
ENABLED
ENABLE_STYLE
ENABLE_TEXT_PLACEMENT
END
END_MOD
END_SUB
EXTENDED
FACTOR
FADE_STEP
FALSE
FILE
FILL
FINAL_MODEL_ENABLED
FIXED_ANNOTATIONS
FONT
FONT_COLOR
FOR_SUBMODEL
FOV
FREEFORM
FRONT
GLOBAL
GRABBER
GRADIENT
GROUP
GROUP BEGIN
GROUP END
GROUP_NXT
HEIGHT
HIDDEN
HIDE
HIGH_CONTRAST
HIGH_CONTRAST_WITH_LOGO
HIGHLIGHT_STEP
HORIZONTAL
HOSE
ICON
IGN
IMAGE_SIZE
INCLUDE
INCLUDE_SUBMODELS
INSERT
INSIDE
INSTANCE_COUNT
JUSTIFY_CENTER
JUSTIFY_CENTER_HORIZONTAL
JUSTIFY_CENTER_VERTICAL
JUSTIFY_LEFT
LANDSCAPE
LATITUDE
LDCAD
LDGLITE
LDGLITE_PARMS
LDRAW_ORG
LDRAW_TYPE
LDVIEW
LDVIEW_PARMS
LDVIEW_POV_GENERATOR
LEFT
LEGO
LEGO_DISCLAIMER
LEOCAD
LIGHT
LINE
LINE_WIDTH
LOCAL
LOCAL_LEGO_ELEMENTS_FILE
LONGITUDE
LPUB
MARGINS
MLCAD
MODEL
MODEL_CATEGORY
MODEL_DESCRIPTION
MODEL_ID
MODEL_PARTS
MODEL_SCALE
MODEL_STEP_NUMBER
MULTI_STEP
MULTI_STEPS
NAME
Name:
NATIVE
NATIVE_POV_GENERATOR
NOFILE
NONE
NOSTEP
NUMBER
OFFICIAL
OFFSET
OPACITY
ORIENTATION
ORIGINAL LDRAW
ORTHOGRAPHIC
OUTLINE_LOG
OUTSIDE
PAGE
PAGE_FOOTER
PAGE_HEADER
PAGE_LENGTH
PAGE_NUMBER
PAGE_POINTER
PANEL
PART
PART_ELEMENTS
PART_GROUP
PART_GROUP_ENABLE
PART_ROTATION
PAUSE
PER_STEP
PICTURE
PIECE
PIVOT
PLACEMENT
PLAIN
PLI
PLI_ANNOTATION
PLI_GRABBER
PLI_INSTANCE
PLI_PART
PLI_PART_GROUP
PLIST
POINTER
POINTER_ATTRIBUTE
POINTER_BASE
POINTER_GRABBER
POINTER_HEAD
POINTER_SEG_FIRST
POINTER_SEG_SECOND
POINTER_SEG_THIRD
PORTRAIT
POSITION
POSITION_KEY
POSITION_KEY
POVRAY_PARMS
POWER
POWER_KEY
PREFERRED_RENDERER
PRIMARY
PRIMARY_DIRECTION
PRINT
PUBLISH_COPYRIGHT
PUBLISH_COPYRIGHT_BACK
PUBLISH_DESCRIPTION
PUBLISH_EMAIL
PUBLISH_EMAIL_BACK
PUBLISH_URL
PUBLISH_URL_BACK
RADIUS
RADIUS_AND_SPOT_BLEND_KEY
RADIUS_KEY
SHARP_TOP_LOGO
ROUNDED_TOP_LOGO
RECTANGLE_STYLE
REL
REMOVE
RESERVE
RESOLUTION
RETRIEVE
RICH_TEXT
RIGHT
ROTATE_ICON
ROTATION
ROTATION_KEY
ROTSTEP
ROTSTEP END
ROUND
SAVE
SCALE
SCENE
SCENE_OBJECT
SECONDARY
SECONDARY_DIRECTION
SEND_TO_BACK
SEPARATOR
SETUP
SHAPE
SHAPE_KEY
SHOW
SHOW_GROUP_STEP_NUMBER
SHOW_INSTANCE_COUNT
SHOW_STEP
SHOW_STEP_NUM
SHOW_STEP_NUMBER
SHOW_SUBMODEL_IN_CALLOUT
SHOW_TOP_MODEL
SILHOUETTE
THIN_LINE_LOGO
FLATTENED_LOGO
SATURATION
SINGLE_CALL
SINGLE_CALL_EXPORT_LIST
SIZE
SIZE_KEY
SKIP_BEGIN
SKIP_END
SORT
SORT_BY
SORT_OPTION
SORT_ORDER
SPACING
SPECULAR
SPECULAR_KEY
SPOT_BLEND
SPOT_SIZE
SPOT_SIZE_KEY
SQUARE
SQUARE_STYLE
START_PAGE_NUMBER
START_STEP_NUMBER
STEP
STEP_HIDE
STEP_NUMBER
STEP_PLI
STEP_RECTANGLE
STEP_SIZE
STEPS
STORE
STRENGTH
STRENGTH_KEY
STRETCH
STUD_STYLE
STYLE
SUB
SUBMODEL_BACKGROUND_COLOR
SUBMODEL_DISPLAY
SUBMODEL_FONT
SUBMODEL_FONT_COLOR
SUBMODEL_GRABBER
SUBMODEL_INST_COUNT
SUBMODEL_INSTANCE
SUBMODEL_INSTANCE_COUNT
SUBMODEL_INSTANCE_COUNT_OVERRIDE
SUBMODEL_ROTATION
SYNTH
SYNTH BEGIN
SYNTH CONTROL_POINT
SYNTH END
SYNTHESIZED
TARGET_POSITION
TARGET_POSITION_KEY
TERTIARY
TERTIARY_DIRECTION
TEXT
TEXT_PLACEMENT
THICKNESS
TILE
TOGGLE_PAGE_NUMBER_PLACEMENT
TOP
TOP_LEFT
TOP_RIGHT
TRANSPARENT
TRUE
TYPE
TYPE_KEY
UNOFFICIAL
UN-OFFICIAL
Unofficial Model
UP_VECTOR
UP_VECTOR_KEY
USE_FREE_FORM
USE_TITLE
USE_TITLE_AND_FREE_FORM
VERTICAL
VIEW_ANGLE
WHOLE
WIDTH
WRITE
Z_VALUE
ZFAR
ZNEAR
