#Enter free form part annotations on this list
#Follow this format to define freeform annotations
#The format is part ID followed free-form annotation (some special characters may not be supported) 

#ID			Annotation
3024.dat	1x1
4073.dat	1x1
3614.dat	1x1
6019.dat	1x1
3023.dat	1x2
4596.dat	1x2
2508.dat	1x2
2540.dat	1x2
4175.dat	1x2
4623.dat	1x2
3623.dat	1x3
3710.dat	1x4
4590.dat	1x4
3184.dat	1x4
3183.dat	1x4
2926.dat	1x4
3666.dat	1x6
6583.dat	1x6
3460.dat	1x8
4510.dat	1x8
4477.dat	1x10
3022.dat	2x2
2420.dat	2x2
2655.dat	2x2
3481.dat	2x2
2444.dat	2x2
2817.dat	2x2
4229.dat	2x2
3731.dat	2x2
3730.dat	2x2
4488.dat	2x2
2415.dat	2x2
4600.dat	2x2
4870.dat	2x2
6157.dat	2x2
3021.dat	2x3
3462.dat	2x3
3020.dat	2x4
3491.dat	2x5
3795.dat	2x6
3034.dat	2x8
3832.dat	2x10
2445.dat	2x12
4282.dat	2x16
3176.dat	3x2
2450.dat	3x3
2419.dat	3x6
3031.dat	4x4
2639.dat	4x4
3032.dat	4x6
3035.dat	4x8
6576.dat	4x8
3030.dat	4x10
3029.dat	4x12
3958.dat	6x6
2539.dat	6x6
6003.dat	6x6
6106.dat	6x6
3036.dat	6x8
3033.dat	6x10
3028.dat	6x12
3456.dat	6x14
3027.dat	6x16
3026.dat	6x24
6063.dat	10x10
2401.dat	10x10
#...